<?xml version="1.0" encoding="UTF-8"?>
<testsuite name="cat.uvic.teknos.m06.java2gradle.AppTest" tests="1" skipped="0" failures="0" errors="0" timestamp="2022-03-25T18:30:07" hostname="FR17-31" time="0.025">
  <properties/>
  <testcase name="appHasAGreeting()" classname="cat.uvic.teknos.m06.java2gradle.AppTest" time="0.025"/>
  <system-out><![CDATA[]]></system-out>
  <system-err><![CDATA[]]></system-err>
</testsuite>
